<?xml version="1.0" encoding="UTF-8"?>
<testsuite xmlns:xsi="http://www.w3.org/2001/XMLSchema-instance" xsi:noNamespaceSchemaLocation="https://maven.apache.org/surefire/maven-surefire-plugin/xsd/surefire-test-report-3.0.xsd" version="3.0" name="ru.invest.display.AppTest" time="2.166" tests="2" errors="1" skipped="0" failures="0">
  <properties>
[...]
</properties>
  <testcase name="testInsertShare" classname="ru.invest.display.AppTest" time="0.378">
    <error type="java.lang.reflect.UndeclaredThrowableException"><![CDATA[java.lang.reflect.UndeclaredThrowableException
	at jdk.proxy2/jdk.proxy2.$Proxy44.persist(Unknown Source)
	at ru.invest.display.dao.BaseRepository.save(BaseRepository.java:33)
	at ru.invest.display.service.ShareService.create(ShareService.java:44)
	at ru.invest.display.service.ShareService$ByteBuddy$kSJVo7rX.create$accessor$5Da6KxTP(Unknown Source)
	at ru.invest.display.service.ShareService$ByteBuddy$kSJVo7rX$auxiliary$fPx4AuzA.call(Unknown Source)
	at ru.invest.display.interceptor.TransactionInterceptor.intercept(TransactionInterceptor.java:46)
	at ru.invest.display.service.ShareService$ByteBuddy$kSJVo7rX.create(Unknown Source)
	at ru.invest.display.AppTest.testInsertShare(AppTest.java:52)
	at java.base/java.lang.reflect.Method.invoke(Method.java:569)
	at java.base/java.util.ArrayList.forEach(ArrayList.java:1511)
	at java.base/java.util.ArrayList.forEach(ArrayList.java:1511)
Caused by: java.lang.reflect.InvocationTargetException
	at java.base/jdk.internal.reflect.NativeMethodAccessorImpl.invoke0(Native Method)
	at java.base/jdk.internal.reflect.NativeMethodAccessorImpl.invoke(NativeMethodAccessorImpl.java:77)
	at java.base/jdk.internal.reflect.DelegatingMethodAccessorImpl.invoke(DelegatingMethodAccessorImpl.java:43)
	at java.base/java.lang.reflect.Method.invoke(Method.java:569)
	at ru.invest.display.config.HibernateConfiguration.lambda$getProxySession$0(HibernateConfiguration.java:68)
	... 11 more
Caused by: org.hibernate.exception.SQLGrammarException: could not execute statement [ERROR: column "user_id" of relation "product" does not exist
  Position: 53] [insert into product (name,price,quantity,start_date,user_id,type) values (?,?,?,?,?,'share') returning id]
	at org.hibernate.exception.internal.SQLStateConversionDelegate.convert(SQLStateConversionDelegate.java:91)
	at org.hibernate.exception.internal.StandardSQLExceptionConverter.convert(StandardSQLExceptionConverter.java:58)
	at org.hibernate.engine.jdbc.spi.SqlExceptionHelper.convert(SqlExceptionHelper.java:108)
	at org.hibernate.engine.jdbc.internal.ResultSetReturnImpl.execute(ResultSetReturnImpl.java:145)
	at org.hibernate.id.insert.InsertReturningDelegate.executeAndExtractReturning(InsertReturningDelegate.java:96)
	at org.hibernate.id.insert.AbstractReturningDelegate.performMutation(AbstractReturningDelegate.java:58)
	at org.hibernate.engine.jdbc.mutation.internal.MutationExecutorStandard.performNonBatchedOperations(MutationExecutorStandard.java:233)
	at org.hibernate.engine.jdbc.mutation.internal.AbstractMutationExecutor.execute(AbstractMutationExecutor.java:55)
	at org.hibernate.persister.entity.mutation.InsertCoordinatorStandard.doStaticInserts(InsertCoordinatorStandard.java:194)
	at org.hibernate.persister.entity.mutation.InsertCoordinatorStandard.coordinateInsert(InsertCoordinatorStandard.java:132)
	at org.hibernate.persister.entity.mutation.InsertCoordinatorStandard.insert(InsertCoordinatorStandard.java:95)
	at org.hibernate.action.internal.EntityIdentityInsertAction.execute(EntityIdentityInsertAction.java:85)
	at org.hibernate.engine.spi.ActionQueue.execute(ActionQueue.java:682)
	at org.hibernate.engine.spi.ActionQueue.addResolvedEntityInsertAction(ActionQueue.java:293)
	at org.hibernate.engine.spi.ActionQueue.addInsertAction(ActionQueue.java:274)
	at org.hibernate.engine.spi.ActionQueue.addAction(ActionQueue.java:324)
	at org.hibernate.event.internal.AbstractSaveEventListener.addInsertAction(AbstractSaveEventListener.java:393)
	at org.hibernate.event.internal.AbstractSaveEventListener.performSaveOrReplicate(AbstractSaveEventListener.java:307)
	at org.hibernate.event.internal.AbstractSaveEventListener.performSave(AbstractSaveEventListener.java:223)
	at org.hibernate.event.internal.AbstractSaveEventListener.saveWithGeneratedId(AbstractSaveEventListener.java:136)
	at org.hibernate.event.internal.DefaultPersistEventListener.entityIsTransient(DefaultPersistEventListener.java:177)
	at org.hibernate.event.internal.DefaultPersistEventListener.persist(DefaultPersistEventListener.java:95)
	at org.hibernate.event.internal.DefaultPersistEventListener.onPersist(DefaultPersistEventListener.java:79)
	at org.hibernate.event.internal.DefaultPersistEventListener.onPersist(DefaultPersistEventListener.java:55)
	at org.hibernate.event.service.internal.EventListenerGroupImpl.fireEventOnEachListener(EventListenerGroupImpl.java:127)
	at org.hibernate.internal.SessionImpl.firePersist(SessionImpl.java:761)
	at org.hibernate.internal.SessionImpl.persist(SessionImpl.java:745)
	at java.base/jdk.internal.reflect.NativeMethodAccessorImpl.invoke0(Native Method)
	at java.base/jdk.internal.reflect.NativeMethodAccessorImpl.invoke(NativeMethodAccessorImpl.java:77)
	at java.base/jdk.internal.reflect.DelegatingMethodAccessorImpl.invoke(DelegatingMethodAccessorImpl.java:43)
	at java.base/java.lang.reflect.Method.invoke(Method.java:569)
	at org.hibernate.context.internal.ThreadLocalSessionContext$TransactionProtectionWrapper.invoke(ThreadLocalSessionContext.java:343)
	at jdk.proxy2/jdk.proxy2.$Proxy133.persist(Unknown Source)
	... 16 more
Caused by: org.postgresql.util.PSQLException: ERROR: column "user_id" of relation "product" does not exist
  Position: 53
	at org.postgresql.core.v3.QueryExecutorImpl.receiveErrorResponse(QueryExecutorImpl.java:2725)
	at org.postgresql.core.v3.QueryExecutorImpl.processResults(QueryExecutorImpl.java:2412)
	at org.postgresql.core.v3.QueryExecutorImpl.execute(QueryExecutorImpl.java:371)
	at org.postgresql.jdbc.PgStatement.executeInternal(PgStatement.java:502)
	at org.postgresql.jdbc.PgStatement.execute(PgStatement.java:419)
	at org.postgresql.jdbc.PgPreparedStatement.executeWithFlags(PgPreparedStatement.java:194)
	at org.postgresql.jdbc.PgPreparedStatement.execute(PgPreparedStatement.java:180)
	at org.hibernate.engine.jdbc.internal.ResultSetReturnImpl.execute(ResultSetReturnImpl.java:129)
	... 45 more
]]></error>
    <system-out><![CDATA[22:37:36.688 [main] INFO org.springframework.test.context.support.AnnotationConfigContextLoaderUtils -- Could not detect default configuration classes for test class [ru.invest.display.AppTest]: AppTest does not declare any static, non-private, non-final, nested classes annotated with @Configuration.
22:37:36.738 [main] INFO org.springframework.boot.test.context.SpringBootTestContextBootstrapper -- Found @SpringBootConfiguration ru.invest.display.App for test class ru.invest.display.AppTest

  .   ____          _            __ _ _
 /\\ / ___'_ __ _ _(_)_ __  __ _ \ \ \ \
( ( )\___ | '_ | '_| | '_ \/ _` | \ \ \ \
 \\/  ___)| |_)| | | | | || (_| |  ) ) ) )
  '  |____| .__|_| |_|_| |_\__, | / / / /
 =========|_|==============|___/=/_/_/_/

 :: Spring Boot ::                (v3.3.2)

2024-08-30T22:37:36.918+07:00  INFO 162371 --- [           main] ru.invest.display.AppTest                : Starting AppTest using Java 17.0.12 with PID 162371 (started by denis in /home/denis/projects/InvestDisplay)
2024-08-30T22:37:36.919+07:00  INFO 162371 --- [           main] ru.invest.display.AppTest                : No active profile set, falling back to 1 default profile: "default"
2024-08-30T22:37:37.254+07:00  INFO 162371 --- [           main] org.hibernate.Version                    : HHH000412: Hibernate ORM core version 6.6.0.Final
2024-08-30T22:37:37.393+07:00  INFO 162371 --- [           main] o.h.c.internal.RegionFactoryInitiator    : HHH000026: Second-level cache disabled
2024-08-30T22:37:37.444+07:00  WARN 162371 --- [           main] org.hibernate.orm.connections.pooling    : HHH10001002: Using built-in connection pool (not intended for production use)
2024-08-30T22:37:37.638+07:00  WARN 162371 --- [           main] org.hibernate.orm.deprecation            : HHH90000025: PostgreSQLDialect does not need to be specified explicitly using 'hibernate.dialect' (remove the property setting and it will be selected by default)
2024-08-30T22:37:37.649+07:00  INFO 162371 --- [           main] org.hibernate.orm.connections.pooling    : HHH10001005: Database info:
	Database JDBC URL [jdbc:postgresql://localhost:5432/postgres]
	Database driver: org.postgresql.Driver
	Database version: 14.11
	Autocommit mode: false
	Isolation level: undefined/unknown
	Minimum pool size: 1
	Maximum pool size: 20
2024-08-30T22:37:38.365+07:00  INFO 162371 --- [           main] ru.invest.display.AppTest                : Started AppTest in 1.572 seconds (process running for 2.125)
found Transactional
tr transaction org.hibernate.engine.transaction.internal.TransactionImpl@792eeae6
tr alive false
Transactional alive
found Transactional
tr transaction org.hibernate.engine.transaction.internal.TransactionImpl@792eeae6
tr alive true
Hibernate: 
    select
        u1_0.id,
        u1_0.username 
    from
        users u1_0 
    where
        u1_0.username=?
found Transactional
tr transaction org.hibernate.engine.transaction.internal.TransactionImpl@792eeae6
tr alive true
Hibernate: 
    insert 
    into
        product
        (name, price, quantity, start_date, user_id, type) 
    values
        (?, ?, ?, ?, ?, 'share') 
    returning id
2024-08-30T22:37:38.741+07:00  WARN 162371 --- [           main] o.h.engine.jdbc.spi.SqlExceptionHelper   : SQL Error: 0, SQLState: 42703
2024-08-30T22:37:38.742+07:00 ERROR 162371 --- [           main] o.h.engine.jdbc.spi.SqlExceptionHelper   : ERROR: column "user_id" of relation "product" does not exist
  Position: 53
]]></system-out>
  </testcase>
  <testcase name="testInsertBankAccount" classname="ru.invest.display.AppTest" time="0.009">
    <system-out><![CDATA[found Transactional
tr transaction org.hibernate.engine.transaction.internal.TransactionImpl@2748bd6c
tr alive false
Transactional alive
Hibernate: 
    select
        u1_0.id,
        u1_0.username 
    from
        users u1_0 
    where
        u1_0.username=?
]]></system-out>
  </testcase>
</testsuite>